<?xml version="1.0" encoding="UTF-8"?>
<!-- Generated by org.testng.reporters.JUnitXMLReporter -->
<testsuite ignored="0" hostname="ISIPLMUMLP219" failures="0" tests="6" name="Home Loan" time="0.011" errors="0" timestamp="2022-08-16T06:15:30 IST">
  <testcase classname="TestNGDemo.TestNGDemo.day3" name="APILoginHomeLoan" time="0.0"/>
  <testcase classname="TestNGDemo.TestNGDemo.day3" name="MobileLoginHomeLoan" time="0.001"/>
  <testcase classname="TestNGDemo.TestNGDemo.day3" name="WebLoginHomeLoan" time="0.0"/>
  <testcase classname="TestNGDemo.TestNGDemo.day4" name="APILoginPersonalLoan" time="0.001"/>
  <testcase classname="TestNGDemo.TestNGDemo.day4" name="WebLoginPersonalLoan" time="0.0"/>
  <testcase classname="TestNGDemo.TestNGDemo.day4" name="MobileLoginPersonalLoan" time="0.0"/>
</testsuite> <!-- Home Loan -->
