<?xml version="1.0" encoding="UTF-8"?>
<!-- Generated by org.testng.reporters.JUnitXMLReporter -->
<testsuite ignored="2" hostname="ISIPLMUMLP219" failures="1" tests="19" name="Test" time="0.071" errors="0" timestamp="2022-08-20T06:04:28 IST">
  <testcase classname="TestNGDemo.TestNGDemo.day3" name="APILoginHomeLoan" time="0.004"/>
  <testcase classname="TestNGDemo.TestNGDemo.day3" name="MobileLoginHomeLoan" time="0.004"/>
  <testcase classname="TestNGDemo.TestNGDemo.day4" name="MobileLoginPersonalLoan" time="0.006"/>
  <testcase classname="TestNGDemo.TestNGDemo.day4" name="APILoginPersonalLoan" time="0.007"/>
  <testcase classname="TestNGDemo.TestNGDemo.day4" name="APILoginPersonalLoan4" time="0.008">
    <failure type="java.lang.AssertionError" message="expected [true] but found [false]">
      <![CDATA[java.lang.AssertionError: expected [true] but found [false]
at TestNGDemo.TestNGDemo.day4.APILoginPersonalLoan4(day4.java:64)
at java.base/java.util.concurrent.ThreadPoolExecutor.runWorker(ThreadPoolExecutor.java:1136)
at java.base/java.util.concurrent.ThreadPoolExecutor$Worker.run(ThreadPoolExecutor.java:635)
at java.base/java.lang.Thread.run(Thread.java:833)
... Removed 16 stack frames]]>
    </failure>
  </testcase> <!-- APILoginPersonalLoan4 -->
  <testcase classname="TestNGDemo.TestNGDemo.day3" name="WebLoginHomeLoan" time="0.003"/>
  <testcase classname="TestNGDemo.TestNGDemo.day4" name="MobileLoginPersonalLoan2" time="0.004"/>
  <testcase classname="TestNGDemo.TestNGDemo.day4" name="MobileLoginPersonalLoan3" time="0.005"/>
  <testcase classname="TestNGDemo.TestNGDemo.day1" name="demo2" time="0.006"/>
  <testcase classname="TestNGDemo.TestNGDemo.day1" name="demo3" time="0.001"/>
  <testcase classname="TestNGDemo.TestNGDemo.day4" name="MobileLoginPersonalLoan1" time="0.002"/>
  <testcase classname="TestNGDemo.TestNGDemo.day2" name="demo3" time="0.006"/>
  <testcase classname="TestNGDemo.TestNGDemo.day1" name="demo" time="0.009"/>
  <testcase classname="TestNGDemo.TestNGDemo.AnnotationTypeDemo" name="test1" time="0.001"/>
  <testcase classname="TestNGDemo.TestNGDemo.AnnotationTypeDemo" name="test3" time="0.002"/>
  <testcase classname="TestNGDemo.TestNGDemo.AnnotationTypeDemo" name="test2" time="0.005"/>
  <testcase classname="TestNGDemo.TestNGDemo.day1" name="demo" time="0.001"/>
  <testcase classname="TestNGDemo.TestNGDemo.day4" name="WebLoginPersonalLoan" time="0.006"/>
  <testcase classname="TestNGDemo.TestNGDemo.day1" name="demo" time="0.0"/>
  <testcase classname="TestNGDemo.TestNGDemo.day4" name="APILoginPersonalLoan2" time="0.0">
    <ignored/>
  </testcase> <!-- APILoginPersonalLoan2 -->
  <testcase classname="TestNGDemo.TestNGDemo.day4" name="APILoginPersonalLoan3" time="0.0">
    <ignored/>
  </testcase> <!-- APILoginPersonalLoan3 -->
</testsuite> <!-- Test -->
