<?xml version="1.0" encoding="UTF-8"?>
<testng-results ignored="2" total="21" passed="18" failed="1" skipped="0">
  <reporter-output>
  </reporter-output>
  <suite started-at="2022-08-20T06:04:28 IST" name="Suite" finished-at="2022-08-20T06:04:28 IST" duration-ms="71">
    <groups>
      <group name="Sanity">
        <method signature="day3.APILoginHomeLoan()[pri:0, instance:TestNGDemo.TestNGDemo.day3@662b4c69]" name="APILoginHomeLoan" class="TestNGDemo.TestNGDemo.day3"/>
      </group> <!-- Sanity -->
      <group name="Regression">
        <method signature="day3.APILoginHomeLoan()[pri:0, instance:TestNGDemo.TestNGDemo.day3@662b4c69]" name="APILoginHomeLoan" class="TestNGDemo.TestNGDemo.day3"/>
      </group> <!-- Regression -->
      <group name="Smoke">
        <method signature="day3.APILoginHomeLoan()[pri:0, instance:TestNGDemo.TestNGDemo.day3@662b4c69]" name="APILoginHomeLoan" class="TestNGDemo.TestNGDemo.day3"/>
        <method signature="day3.MobileLoginHomeLoan()[pri:0, instance:TestNGDemo.TestNGDemo.day3@662b4c69]" name="MobileLoginHomeLoan" class="TestNGDemo.TestNGDemo.day3"/>
        <method signature="day3.WebLoginHomeLoan()[pri:0, instance:TestNGDemo.TestNGDemo.day3@662b4c69]" name="WebLoginHomeLoan" class="TestNGDemo.TestNGDemo.day3"/>
        <method signature="day4.MobileLoginPersonalLoan3()[pri:0, instance:TestNGDemo.TestNGDemo.day4@2a54a73f]" name="MobileLoginPersonalLoan3" class="TestNGDemo.TestNGDemo.day4"/>
      </group> <!-- Smoke -->
      <group name="group2">
        <method signature="day1.demo2()[pri:0, instance:TestNGDemo.TestNGDemo.day1@76c3e77a]" name="demo2" class="TestNGDemo.TestNGDemo.day1"/>
      </group> <!-- group2 -->
      <group name="group1">
        <method signature="day1.demo2()[pri:0, instance:TestNGDemo.TestNGDemo.day1@76c3e77a]" name="demo2" class="TestNGDemo.TestNGDemo.day1"/>
        <method signature="day2.demo3()[pri:0, instance:TestNGDemo.TestNGDemo.day2@78123e82]" name="demo3" class="TestNGDemo.TestNGDemo.day2"/>
      </group> <!-- group1 -->
    </groups>
    <test started-at="2022-08-20T06:04:28 IST" name="Test" finished-at="2022-08-20T06:04:28 IST" duration-ms="71">
      <class name="TestNGDemo.TestNGDemo.day4">
        <test-method signature="APILoginPersonalLoan4()[pri:-1, instance:TestNGDemo.TestNGDemo.day4@2a54a73f]" started-at="2022-08-20T06:04:28 IST" name="APILoginPersonalLoan4" finished-at="2022-08-20T06:04:28 IST" duration-ms="8" status="FAIL">
          <exception class="java.lang.AssertionError">
            <message>
              <![CDATA[expected [true] but found [false]]]>
            </message>
            <full-stacktrace>
              <![CDATA[java.lang.AssertionError: expected [true] but found [false]
at org.testng.Assert.fail(Assert.java:99)
at org.testng.Assert.failNotEquals(Assert.java:1037)
at org.testng.Assert.assertTrue(Assert.java:45)
at org.testng.Assert.assertTrue(Assert.java:55)
at TestNGDemo.TestNGDemo.day4.APILoginPersonalLoan4(day4.java:64)
at java.base/jdk.internal.reflect.NativeMethodAccessorImpl.invoke0(Native Method)
at java.base/jdk.internal.reflect.NativeMethodAccessorImpl.invoke(NativeMethodAccessorImpl.java:77)
at java.base/jdk.internal.reflect.DelegatingMethodAccessorImpl.invoke(DelegatingMethodAccessorImpl.java:43)
at java.base/java.lang.reflect.Method.invoke(Method.java:568)
at org.testng.internal.MethodInvocationHelper.invokeMethod(MethodInvocationHelper.java:133)
at org.testng.internal.TestInvoker.invokeMethod(TestInvoker.java:598)
at org.testng.internal.TestInvoker.invokeTestMethod(TestInvoker.java:173)
at org.testng.internal.MethodRunner.runInSequence(MethodRunner.java:46)
at org.testng.internal.TestInvoker$MethodInvocationAgent.invoke(TestInvoker.java:824)
at org.testng.internal.TestInvoker.invokeTestMethods(TestInvoker.java:146)
at org.testng.internal.TestMethodWorker.invokeTestMethods(TestMethodWorker.java:146)
at org.testng.internal.TestMethodWorker.run(TestMethodWorker.java:128)
at java.base/java.util.concurrent.ThreadPoolExecutor.runWorker(ThreadPoolExecutor.java:1136)
at java.base/java.util.concurrent.ThreadPoolExecutor$Worker.run(ThreadPoolExecutor.java:635)
at java.base/java.lang.Thread.run(Thread.java:833)
]]>
            </full-stacktrace>
          </exception> <!-- java.lang.AssertionError -->
          <reporter-output>
          </reporter-output>
        </test-method> <!-- APILoginPersonalLoan4 -->
        <test-method signature="APILoginPersonalLoan()[pri:-1, instance:TestNGDemo.TestNGDemo.day4@2a54a73f]" started-at="2022-08-20T06:04:28 IST" name="APILoginPersonalLoan" finished-at="2022-08-20T06:04:28 IST" duration-ms="7" status="PASS">
          <reporter-output>
          </reporter-output>
        </test-method> <!-- APILoginPersonalLoan -->
        <test-method signature="MobileLoginPersonalLoan()[pri:-2, instance:TestNGDemo.TestNGDemo.day4@2a54a73f]" started-at="2022-08-20T06:04:28 IST" name="MobileLoginPersonalLoan" finished-at="2022-08-20T06:04:28 IST" duration-ms="6" status="PASS">
          <reporter-output>
          </reporter-output>
        </test-method> <!-- MobileLoginPersonalLoan -->
        <test-method signature="MobileLoginPersonalLoan2()[pri:0, instance:TestNGDemo.TestNGDemo.day4@2a54a73f]" started-at="2022-08-20T06:04:28 IST" name="MobileLoginPersonalLoan2" finished-at="2022-08-20T06:04:28 IST" duration-ms="4" status="PASS">
          <reporter-output>
          </reporter-output>
        </test-method> <!-- MobileLoginPersonalLoan2 -->
        <test-method signature="MobileLoginPersonalLoan3()[pri:0, instance:TestNGDemo.TestNGDemo.day4@2a54a73f]" started-at="2022-08-20T06:04:28 IST" name="MobileLoginPersonalLoan3" finished-at="2022-08-20T06:04:28 IST" duration-ms="5" status="PASS">
          <reporter-output>
          </reporter-output>
        </test-method> <!-- MobileLoginPersonalLoan3 -->
        <test-method signature="MobileLoginPersonalLoan1()[pri:0, instance:TestNGDemo.TestNGDemo.day4@2a54a73f]" started-at="2022-08-20T06:04:28 IST" name="MobileLoginPersonalLoan1" finished-at="2022-08-20T06:04:28 IST" depends-on-methods="TestNGDemo.TestNGDemo.day4.MobileLoginPersonalLoan2, TestNGDemo.TestNGDemo.day4.MobileLoginPersonalLoan" duration-ms="2" status="PASS">
          <reporter-output>
          </reporter-output>
        </test-method> <!-- MobileLoginPersonalLoan1 -->
        <test-method signature="WebLoginPersonalLoan()[pri:1, instance:TestNGDemo.TestNGDemo.day4@2a54a73f]" started-at="2022-08-20T06:04:28 IST" name="WebLoginPersonalLoan" finished-at="2022-08-20T06:04:28 IST" duration-ms="6" status="PASS">
          <reporter-output>
          </reporter-output>
        </test-method> <!-- WebLoginPersonalLoan -->
      </class> <!-- TestNGDemo.TestNGDemo.day4 -->
      <class name="TestNGDemo.TestNGDemo.AnnotationTypeDemo">
        <test-method is-config="true" signature="beforeSuite()[pri:0, instance:TestNGDemo.TestNGDemo.AnnotationTypeDemo@5403f35f]" started-at="2022-08-20T06:04:28 IST" name="beforeSuite" finished-at="2022-08-20T06:04:28 IST" duration-ms="7" status="PASS">
          <reporter-output>
          </reporter-output>
        </test-method> <!-- beforeSuite -->
        <test-method is-config="true" signature="beforeTest()[pri:0, instance:TestNGDemo.TestNGDemo.AnnotationTypeDemo@5403f35f]" started-at="2022-08-20T06:04:28 IST" name="beforeTest" finished-at="2022-08-20T06:04:28 IST" duration-ms="0" status="PASS">
          <reporter-output>
          </reporter-output>
        </test-method> <!-- beforeTest -->
        <test-method is-config="true" signature="beforeClass()[pri:0, instance:TestNGDemo.TestNGDemo.AnnotationTypeDemo@5403f35f]" started-at="2022-08-20T06:04:28 IST" name="beforeClass" finished-at="2022-08-20T06:04:28 IST" duration-ms="0" status="PASS">
          <reporter-output>
          </reporter-output>
        </test-method> <!-- beforeClass -->
        <test-method is-config="true" signature="beforeMethod()[pri:0, instance:TestNGDemo.TestNGDemo.AnnotationTypeDemo@5403f35f]" started-at="2022-08-20T06:04:28 IST" name="beforeMethod" finished-at="2022-08-20T06:04:28 IST" duration-ms="0" status="PASS">
          <reporter-output>
          </reporter-output>
        </test-method> <!-- beforeMethod -->
        <test-method is-config="true" signature="beforeMethod()[pri:0, instance:TestNGDemo.TestNGDemo.AnnotationTypeDemo@5403f35f]" started-at="2022-08-20T06:04:28 IST" name="beforeMethod" finished-at="2022-08-20T06:04:28 IST" duration-ms="0" status="PASS">
          <reporter-output>
          </reporter-output>
        </test-method> <!-- beforeMethod -->
        <test-method signature="test1()[pri:0, instance:TestNGDemo.TestNGDemo.AnnotationTypeDemo@5403f35f]" started-at="2022-08-20T06:04:28 IST" name="test1" finished-at="2022-08-20T06:04:28 IST" duration-ms="1" status="PASS">
          <reporter-output>
          </reporter-output>
        </test-method> <!-- test1 -->
        <test-method signature="test2()[pri:0, instance:TestNGDemo.TestNGDemo.AnnotationTypeDemo@5403f35f]" started-at="2022-08-20T06:04:28 IST" name="test2" finished-at="2022-08-20T06:04:28 IST" duration-ms="5" status="PASS">
          <reporter-output>
          </reporter-output>
        </test-method> <!-- test2 -->
        <test-method signature="test3()[pri:0, instance:TestNGDemo.TestNGDemo.AnnotationTypeDemo@5403f35f]" started-at="2022-08-20T06:04:28 IST" name="test3" finished-at="2022-08-20T06:04:28 IST" duration-ms="2" status="PASS">
          <reporter-output>
          </reporter-output>
        </test-method> <!-- test3 -->
        <test-method is-config="true" signature="beforeMethod()[pri:0, instance:TestNGDemo.TestNGDemo.AnnotationTypeDemo@5403f35f]" started-at="2022-08-20T06:04:28 IST" name="beforeMethod" finished-at="2022-08-20T06:04:28 IST" duration-ms="0" status="PASS">
          <reporter-output>
          </reporter-output>
        </test-method> <!-- beforeMethod -->
        <test-method is-config="true" signature="afterMethod()[pri:0, instance:TestNGDemo.TestNGDemo.AnnotationTypeDemo@5403f35f]" started-at="2022-08-20T06:04:28 IST" name="afterMethod" finished-at="2022-08-20T06:04:28 IST" duration-ms="1" status="PASS">
          <reporter-output>
          </reporter-output>
        </test-method> <!-- afterMethod -->
        <test-method is-config="true" signature="afterMethod()[pri:0, instance:TestNGDemo.TestNGDemo.AnnotationTypeDemo@5403f35f]" started-at="2022-08-20T06:04:28 IST" name="afterMethod" finished-at="2022-08-20T06:04:28 IST" duration-ms="1" status="PASS">
          <reporter-output>
          </reporter-output>
        </test-method> <!-- afterMethod -->
        <test-method is-config="true" signature="afterMethod()[pri:0, instance:TestNGDemo.TestNGDemo.AnnotationTypeDemo@5403f35f]" started-at="2022-08-20T06:04:28 IST" name="afterMethod" finished-at="2022-08-20T06:04:28 IST" duration-ms="0" status="PASS">
          <reporter-output>
          </reporter-output>
        </test-method> <!-- afterMethod -->
        <test-method is-config="true" signature="afterClass()[pri:0, instance:TestNGDemo.TestNGDemo.AnnotationTypeDemo@5403f35f]" started-at="2022-08-20T06:04:28 IST" name="afterClass" finished-at="2022-08-20T06:04:28 IST" duration-ms="0" status="PASS">
          <reporter-output>
          </reporter-output>
        </test-method> <!-- afterClass -->
        <test-method is-config="true" signature="afterTest()[pri:0, instance:TestNGDemo.TestNGDemo.AnnotationTypeDemo@5403f35f]" started-at="2022-08-20T06:04:28 IST" name="afterTest" finished-at="2022-08-20T06:04:28 IST" duration-ms="0" status="PASS">
          <reporter-output>
          </reporter-output>
        </test-method> <!-- afterTest -->
        <test-method is-config="true" signature="afterSuite()[pri:0, instance:TestNGDemo.TestNGDemo.AnnotationTypeDemo@5403f35f]" started-at="2022-08-20T06:04:28 IST" name="afterSuite" finished-at="2022-08-20T06:04:28 IST" duration-ms="0" status="PASS">
          <reporter-output>
          </reporter-output>
        </test-method> <!-- afterSuite -->
      </class> <!-- TestNGDemo.TestNGDemo.AnnotationTypeDemo -->
      <class name="TestNGDemo.TestNGDemo.day1">
        <test-method signature="demo2()[pri:0, instance:TestNGDemo.TestNGDemo.day1@76c3e77a]" started-at="2022-08-20T06:04:28 IST" name="demo2" finished-at="2022-08-20T06:04:28 IST" duration-ms="6" status="PASS">
          <reporter-output>
          </reporter-output>
        </test-method> <!-- demo2 -->
        <test-method signature="demo(java.lang.String,java.lang.String)[pri:0, instance:TestNGDemo.TestNGDemo.day1@76c3e77a]" started-at="2022-08-20T06:04:28 IST" name="demo" data-provider="demo4" finished-at="2022-08-20T06:04:28 IST" duration-ms="9" status="PASS">
          <params>
            <param index="0">
              <value>
                <![CDATA[username1]]>
              </value>
            </param>
            <param index="1">
              <value>
                <![CDATA[password1]]>
              </value>
            </param>
          </params>
          <reporter-output>
          </reporter-output>
        </test-method> <!-- demo -->
        <test-method signature="demo3()[pri:0, instance:TestNGDemo.TestNGDemo.day1@76c3e77a]" started-at="2022-08-20T06:04:28 IST" name="demo3" finished-at="2022-08-20T06:04:28 IST" duration-ms="1" status="PASS">
          <reporter-output>
          </reporter-output>
        </test-method> <!-- demo3 -->
        <test-method signature="demo(java.lang.String,java.lang.String)[pri:0, instance:TestNGDemo.TestNGDemo.day1@76c3e77a]" started-at="2022-08-20T06:04:28 IST" name="demo" data-provider="demo4" finished-at="2022-08-20T06:04:28 IST" duration-ms="1" status="PASS">
          <params>
            <param index="0">
              <value>
                <![CDATA[username2]]>
              </value>
            </param>
            <param index="1">
              <value>
                <![CDATA[password2]]>
              </value>
            </param>
          </params>
          <reporter-output>
          </reporter-output>
        </test-method> <!-- demo -->
        <test-method signature="demo(java.lang.String,java.lang.String)[pri:0, instance:TestNGDemo.TestNGDemo.day1@76c3e77a]" started-at="2022-08-20T06:04:28 IST" name="demo" data-provider="demo4" finished-at="2022-08-20T06:04:28 IST" duration-ms="0" status="PASS">
          <params>
            <param index="0">
              <value>
                <![CDATA[username3]]>
              </value>
            </param>
            <param index="1">
              <value>
                <![CDATA[password3]]>
              </value>
            </param>
          </params>
          <reporter-output>
          </reporter-output>
        </test-method> <!-- demo -->
      </class> <!-- TestNGDemo.TestNGDemo.day1 -->
      <class name="TestNGDemo.TestNGDemo.day2">
        <test-method signature="demo3()[pri:0, instance:TestNGDemo.TestNGDemo.day2@78123e82]" started-at="2022-08-20T06:04:28 IST" name="demo3" finished-at="2022-08-20T06:04:28 IST" duration-ms="6" status="PASS">
          <reporter-output>
          </reporter-output>
        </test-method> <!-- demo3 -->
      </class> <!-- TestNGDemo.TestNGDemo.day2 -->
      <class name="TestNGDemo.TestNGDemo.day3">
        <test-method signature="MobileLoginHomeLoan()[pri:0, instance:TestNGDemo.TestNGDemo.day3@662b4c69]" started-at="2022-08-20T06:04:28 IST" name="MobileLoginHomeLoan" finished-at="2022-08-20T06:04:28 IST" duration-ms="4" status="PASS">
          <reporter-output>
          </reporter-output>
        </test-method> <!-- MobileLoginHomeLoan -->
        <test-method signature="APILoginHomeLoan()[pri:0, instance:TestNGDemo.TestNGDemo.day3@662b4c69]" started-at="2022-08-20T06:04:28 IST" name="APILoginHomeLoan" finished-at="2022-08-20T06:04:28 IST" duration-ms="4" status="PASS">
          <reporter-output>
          </reporter-output>
        </test-method> <!-- APILoginHomeLoan -->
        <test-method signature="WebLoginHomeLoan()[pri:0, instance:TestNGDemo.TestNGDemo.day3@662b4c69]" started-at="2022-08-20T06:04:28 IST" name="WebLoginHomeLoan" finished-at="2022-08-20T06:04:28 IST" duration-ms="3" status="PASS">
          <reporter-output>
          </reporter-output>
        </test-method> <!-- WebLoginHomeLoan -->
      </class> <!-- TestNGDemo.TestNGDemo.day3 -->
    </test> <!-- Test -->
  </suite> <!-- Suite -->
</testng-results>
